2025-08-17 00:43:42 - features.powerlink_analyzer.adapters - ERROR - MOBILE 크롤링 오류 (브라우저 재사용): Page.wait_for_timeout: Target page, context or browser has been closed
2025-08-17 00:43:42 - features.powerlink_analyzer.adapters - ERROR - MOBILE 크롤링 오류 (브라우저 재사용): Page.wait_for_timeout: Target page, context or browser has been closed
2025-08-17 00:43:44 - features.powerlink_analyzer.adapters - ERROR - MOBILE 크롤링 오류 (브라우저 재사용): BrowserContext.new_page: Connection closed while reading from the driver
2025-08-17 00:43:44 - features.powerlink_analyzer.adapters - ERROR - MOBILE 크롤링 오류 (브라우저 재사용): BrowserContext.new_page: Connection closed while reading from the driver
2025-08-17 00:43:47 - features.powerlink_analyzer.adapters - ERROR - PC 크롤링 오류 (브라우저 재사용): Page.wait_for_timeout: Target page, context or browser has been closed
2025-08-17 00:43:49 - features.powerlink_analyzer.adapters - ERROR - PC 크롤링 오류 (브라우저 재사용): BrowserContext.new_page: Connection closed while reading from the driver
2025-08-17 00:46:16 - features.powerlink_analyzer.adapters - ERROR - MOBILE 크롤링 오류 (브라우저 재사용): Page.wait_for_timeout: Target page, context or browser has been closed
2025-08-17 00:46:16 - features.powerlink_analyzer.adapters - ERROR - MOBILE 크롤링 오류 (브라우저 재사용): Page.wait_for_timeout: Target page, context or browser has been closed
2025-08-17 00:46:17 - features.powerlink_analyzer.adapters - ERROR - PC 크롤링 오류 (브라우저 재사용): Page.goto: Target page, context or browser has been closed
Call log:
  - navigating to "https://search.naver.com/search.naver?query=LINE167", waiting until "networkidle"

2025-08-17 00:46:18 - features.powerlink_analyzer.adapters - ERROR - MOBILE 크롤링 오류 (브라우저 재사용): BrowserContext.new_page: Connection closed while reading from the driver
2025-08-17 00:46:18 - features.powerlink_analyzer.adapters - ERROR - MOBILE 크롤링 오류 (브라우저 재사용): BrowserContext.new_page: Connection closed while reading from the driver
2025-08-17 00:46:19 - features.powerlink_analyzer.adapters - ERROR - PC 크롤링 오류 (브라우저 재사용): BrowserContext.new_page: Connection closed while reading from the driver
2025-08-17 00:46:49 - features.powerlink_analyzer.adapters - ERROR - MOBILE 크롤링 오류 (브라우저 재사용): Page.goto: Target page, context or browser has been closed
Call log:
  - navigating to "https://m.search.naver.com/search.naver?query=%EA%B3%A0%EC%96%91%EC%9D%B4%EB%8B%AD%EA%B3%A0%EA%B8%B0", waiting until "networkidle"

2025-08-17 00:46:49 - features.powerlink_analyzer.adapters - ERROR - PC 크롤링 오류 (브라우저 재사용): Page.wait_for_timeout: Target page, context or browser has been closed
2025-08-17 00:46:49 - features.powerlink_analyzer.adapters - ERROR - MOBILE 크롤링 오류 (브라우저 재사용): Page.goto: Target page, context or browser has been closed
Call log:
  - navigating to "https://m.search.naver.com/search.naver?query=%EA%B3%A0%EC%96%91%EC%9D%B4%EC%B9%98%EC%84%9D%EC%A0%9C%EA%B1%B0%EA%B0%84%EC%8B%9D", waiting until "networkidle"

2025-08-17 00:46:51 - features.powerlink_analyzer.adapters - ERROR - MOBILE 크롤링 오류 (브라우저 재사용): BrowserContext.new_page: Connection closed while reading from the driver
2025-08-17 00:46:51 - features.powerlink_analyzer.adapters - ERROR - PC 크롤링 오류 (브라우저 재사용): BrowserContext.new_page: Connection closed while reading from the driver
2025-08-17 00:46:51 - features.powerlink_analyzer.adapters - ERROR - MOBILE 크롤링 오류 (브라우저 재사용): BrowserContext.new_page: Connection closed while reading from the driver
2025-08-17 01:42:50 - features.naver_cafe.adapters - ERROR - Playwright 카페 검색 실패: 'coroutine' object has no attribute 'is_closed'
2025-08-17 01:42:53 - features.naver_cafe.adapters - ERROR - Playwright 게시판 조회 실패: 'coroutine' object has no attribute 'is_closed'
2025-08-17 01:47:00 - asyncio - ERROR - Task was destroyed but it is pending!
task: <Task pending name='Task-2' coro=<Connection.run() running at C:\Users\wogud\AppData\Local\Programs\Python\Python313\Lib\site-packages\playwright\_impl\_connection.py:312> wait_for=<Future pending cb=[Task.task_wakeup()]>>
2025-08-17 01:47:11 - features.naver_cafe.adapters - ERROR - Playwright 카페 검색 실패: BrowserContext.new_page: 'NoneType' object has no attribute 'send'
2025-08-17 01:47:53 - asyncio - ERROR - Task was destroyed but it is pending!
task: <Task pending name='Task-2' coro=<Connection.run() running at C:\Users\wogud\AppData\Local\Programs\Python\Python313\Lib\site-packages\playwright\_impl\_connection.py:312> wait_for=<Future pending cb=[Task.task_wakeup()]>>
2025-08-17 01:56:30 - features.naver_cafe.adapters - ERROR - Playwright 카페 검색 실패: BrowserContext.new_page: 'NoneType' object has no attribute 'send'
2025-08-17 01:56:38 - asyncio - ERROR - Task was destroyed but it is pending!
task: <Task pending name='Task-2' coro=<Connection.run() running at C:\Users\wogud\AppData\Local\Programs\Python\Python313\Lib\site-packages\playwright\_impl\_connection.py:312> wait_for=<Future pending cb=[Task.task_wakeup()]>>
2025-08-17 01:58:19 - features.naver_cafe.adapters - ERROR - Playwright 카페 검색 실패: BrowserContext.new_page: 'NoneType' object has no attribute 'send'
2025-08-17 02:01:16 - features.naver_cafe.adapters - ERROR - Playwright 카페 검색 실패: BrowserContext.new_page: 'NoneType' object has no attribute 'send'
2025-08-17 02:01:34 - asyncio - ERROR - Task was destroyed but it is pending!
task: <Task pending name='Task-2' coro=<Connection.run() running at C:\Users\wogud\AppData\Local\Programs\Python\Python313\Lib\site-packages\playwright\_impl\_connection.py:312> wait_for=<Future pending cb=[Task.task_wakeup()]>>
2025-08-17 02:01:44 - features.naver_cafe.adapters - ERROR - Playwright 카페 검색 실패: BrowserContext.new_page: 'NoneType' object has no attribute 'send'
2025-08-17 02:01:52 - asyncio - ERROR - Task was destroyed but it is pending!
task: <Task pending name='Task-2' coro=<Connection.run() running at C:\Users\wogud\AppData\Local\Programs\Python\Python313\Lib\site-packages\playwright\_impl\_connection.py:312> wait_for=<Future pending cb=[Task.task_wakeup()]>>
2025-08-17 02:01:58 - asyncio - ERROR - Task was destroyed but it is pending!
task: <Task pending name='Task-2' coro=<Connection.run() running at C:\Users\wogud\AppData\Local\Programs\Python\Python313\Lib\site-packages\playwright\_impl\_connection.py:312> wait_for=<Future pending cb=[Task.task_wakeup()]>>
2025-08-17 02:02:11 - asyncio - ERROR - Task was destroyed but it is pending!
task: <Task pending name='Task-2' coro=<Connection.run() running at C:\Users\wogud\AppData\Local\Programs\Python\Python313\Lib\site-packages\playwright\_impl\_connection.py:312> wait_for=<Future pending cb=[Task.task_wakeup()]>>
2025-08-17 02:03:10 - features.naver_cafe.adapters - ERROR - Playwright 카페 검색 실패: BrowserContext.new_page: 'NoneType' object has no attribute 'send'
2025-08-17 02:03:10 - asyncio - ERROR - Task was destroyed but it is pending!
task: <Task pending name='Task-2' coro=<Connection.run() running at C:\Users\wogud\AppData\Local\Programs\Python\Python313\Lib\site-packages\playwright\_impl\_connection.py:312> wait_for=<Future pending cb=[Task.task_wakeup()]>>
2025-08-17 02:04:18 - features.naver_cafe.worker - ERROR - 브라우저 컨텍스트 상태 확인 실패: 'BrowserContext' object has no attribute 'is_closed'
2025-08-17 02:04:18 - asyncio - ERROR - Task was destroyed but it is pending!
task: <Task pending name='Task-2' coro=<Connection.run() running at C:\Users\wogud\AppData\Local\Programs\Python\Python313\Lib\site-packages\playwright\_impl\_connection.py:312> wait_for=<Future pending cb=[Task.task_wakeup()]>>
2025-08-17 02:06:07 - features.naver_cafe.adapters - ERROR - Playwright 카페 검색 실패: object bool can't be used in 'await' expression
2025-08-17 02:06:08 - asyncio - ERROR - Task was destroyed but it is pending!
task: <Task pending name='Task-2' coro=<Connection.run() running at C:\Users\wogud\AppData\Local\Programs\Python\Python313\Lib\site-packages\playwright\_impl\_connection.py:312> wait_for=<Future pending cb=[Task.task_wakeup()]>>
2025-08-17 02:06:08 - asyncio - ERROR - Task was destroyed but it is pending!
task: <Task pending name='Task-6' coro=<Connection.run() running at C:\Users\wogud\AppData\Local\Programs\Python\Python313\Lib\site-packages\playwright\_impl\_connection.py:312> wait_for=<Future pending cb=[Task.task_wakeup()]>>
2025-08-17 02:07:20 - asyncio - ERROR - Task was destroyed but it is pending!
task: <Task pending name='Task-2' coro=<Connection.run() running at C:\Users\wogud\AppData\Local\Programs\Python\Python313\Lib\site-packages\playwright\_impl\_connection.py:312> wait_for=<Future pending cb=[Task.task_wakeup()]>>
2025-08-17 02:07:20 - asyncio - ERROR - Task was destroyed but it is pending!
task: <Task pending name='Task-6' coro=<Connection.run() running at C:\Users\wogud\AppData\Local\Programs\Python\Python313\Lib\site-packages\playwright\_impl\_connection.py:312> wait_for=<Future pending cb=[Task.task_wakeup()]>>
2025-08-17 02:07:53 - asyncio - ERROR - Task was destroyed but it is pending!
task: <Task pending name='Task-6' coro=<Connection.run() running at C:\Users\wogud\AppData\Local\Programs\Python\Python313\Lib\site-packages\playwright\_impl\_connection.py:312> wait_for=<Future pending cb=[Task.task_wakeup()]>>
2025-08-17 02:07:53 - asyncio - ERROR - Task was destroyed but it is pending!
task: <Task pending name='Task-2' coro=<Connection.run() running at C:\Users\wogud\AppData\Local\Programs\Python\Python313\Lib\site-packages\playwright\_impl\_connection.py:312> wait_for=<Future pending cb=[Task.task_wakeup()]>>
2025-08-17 02:16:41 - features.naver_cafe.adapters - ERROR - Playwright 게시판 조회 실패: BrowserContext.new_page: 'NoneType' object has no attribute 'send'
2025-08-17 02:22:46 - asyncio - ERROR - Task was destroyed but it is pending!
task: <Task pending name='Task-6' coro=<Connection.run() running at C:\Users\wogud\AppData\Local\Programs\Python\Python313\Lib\site-packages\playwright\_impl\_connection.py:312> wait_for=<Future pending cb=[Task.task_wakeup()]>>
2025-08-17 02:22:46 - asyncio - ERROR - Task was destroyed but it is pending!
task: <Task pending name='Task-2' coro=<Connection.run() running at C:\Users\wogud\AppData\Local\Programs\Python\Python313\Lib\site-packages\playwright\_impl\_connection.py:312> wait_for=<Future pending cb=[Task.task_wakeup()]>>
2025-08-17 02:25:44 - features.naver_cafe.adapters - ERROR - Playwright 크롤링 실패: 'coroutine' object has no attribute 'goto'
2025-08-17 02:25:46 - features.naver_cafe.adapters - ERROR - Playwright 크롤링 실패: 'coroutine' object has no attribute 'goto'
2025-08-17 02:25:48 - features.naver_cafe.adapters - ERROR - Playwright 크롤링 실패: 'coroutine' object has no attribute 'goto'
2025-08-17 02:28:19 - asyncio - ERROR - Task was destroyed but it is pending!
task: <Task pending name='Task-11' coro=<Connection.run() running at C:\Users\wogud\AppData\Local\Programs\Python\Python313\Lib\site-packages\playwright\_impl\_connection.py:312> wait_for=<Future pending cb=[Task.task_wakeup()]>>
2025-08-17 02:28:19 - asyncio - ERROR - Task was destroyed but it is pending!
task: <Task pending name='Task-6' coro=<Connection.run() running at C:\Users\wogud\AppData\Local\Programs\Python\Python313\Lib\site-packages\playwright\_impl\_connection.py:312> wait_for=<Future pending cb=[Task.task_wakeup()]>>
2025-08-17 02:28:19 - asyncio - ERROR - Task was destroyed but it is pending!
task: <Task pending name='Task-2' coro=<Connection.run() running at C:\Users\wogud\AppData\Local\Programs\Python\Python313\Lib\site-packages\playwright\_impl\_connection.py:312> wait_for=<Future pending cb=[Task.task_wakeup()]>>
2025-08-17 02:30:18 - asyncio - ERROR - Task was destroyed but it is pending!
task: <Task pending name='Task-11' coro=<Connection.run() running at C:\Users\wogud\AppData\Local\Programs\Python\Python313\Lib\site-packages\playwright\_impl\_connection.py:312> wait_for=<Future pending cb=[Task.task_wakeup()]>>
2025-08-17 02:30:18 - asyncio - ERROR - Task was destroyed but it is pending!
task: <Task pending name='Task-6' coro=<Connection.run() running at C:\Users\wogud\AppData\Local\Programs\Python\Python313\Lib\site-packages\playwright\_impl\_connection.py:312> wait_for=<Future pending cb=[Task.task_wakeup()]>>
2025-08-17 02:30:18 - asyncio - ERROR - Task was destroyed but it is pending!
task: <Task pending name='Task-2' coro=<Connection.run() running at C:\Users\wogud\AppData\Local\Programs\Python\Python313\Lib\site-packages\playwright\_impl\_connection.py:312> wait_for=<Future pending cb=[Task.task_wakeup()]>>
2025-08-17 02:31:51 - asyncio - ERROR - Task was destroyed but it is pending!
task: <Task pending name='Task-2' coro=<Connection.run() running at C:\Users\wogud\AppData\Local\Programs\Python\Python313\Lib\site-packages\playwright\_impl\_connection.py:312> wait_for=<Future pending cb=[Task.task_wakeup()]>>
2025-08-17 02:32:57 - asyncio - ERROR - Task was destroyed but it is pending!
task: <Task pending name='Task-2' coro=<Connection.run() running at C:\Users\wogud\AppData\Local\Programs\Python\Python313\Lib\site-packages\playwright\_impl\_connection.py:312> wait_for=<Future pending cb=[Task.task_wakeup()]>>
2025-08-17 02:35:16 - main - ERROR - 기능 모듈 로드 실패: unexpected indent (control_widget.py, line 670)
2025-08-17 02:35:16 - main - ERROR - 상세 오류: Traceback (most recent call last):
  File "C:\Users\wogud\OneDrive\Desktop\클로드코드\integrated_management_system\main.py", line 36, in load_features
    register_naver_cafe(app)
    ~~~~~~~~~~~~~~~~~~~^^^^^
  File "C:\Users\wogud\OneDrive\Desktop\클로드코드\integrated_management_system\src\features\naver_cafe\__init__.py", line 13, in register
    from .ui import NaverCafeWidget
  File "C:\Users\wogud\OneDrive\Desktop\클로드코드\integrated_management_system\src\features\naver_cafe\ui.py", line 13, in <module>
    from .control_widget import NaverCafeControlWidget
  File "C:\Users\wogud\OneDrive\Desktop\클로드코드\integrated_management_system\src\features\naver_cafe\control_widget.py", line 670
    board_display_name = selected_board.name
IndentationError: unexpected indent

2025-08-17 02:35:16 - desktop.app - ERROR - 애플리케이션 실행 실패: unexpected indent (control_widget.py, line 670)
2025-08-17 02:35:16 - main - ERROR - 애플리케이션 시작 실패: unexpected indent (control_widget.py, line 670)
2025-08-17 02:36:15 - asyncio - ERROR - Task was destroyed but it is pending!
task: <Task pending name='Task-2' coro=<Connection.run() running at C:\Users\wogud\AppData\Local\Programs\Python\Python313\Lib\site-packages\playwright\_impl\_connection.py:312> wait_for=<Future pending cb=[Task.task_wakeup()]>>
2025-08-17 02:36:36 - asyncio - ERROR - Task was destroyed but it is pending!
task: <Task pending name='Task-2' coro=<Connection.run() running at C:\Users\wogud\AppData\Local\Programs\Python\Python313\Lib\site-packages\playwright\_impl\_connection.py:312> wait_for=<Future pending cb=[Task.task_wakeup()]>>
2025-08-17 02:39:02 - asyncio - ERROR - Task was destroyed but it is pending!
task: <Task pending name='Task-2' coro=<Connection.run() running at C:\Users\wogud\AppData\Local\Programs\Python\Python313\Lib\site-packages\playwright\_impl\_connection.py:312> wait_for=<Future pending cb=[Task.task_wakeup()]>>
2025-08-17 02:40:32 - asyncio - ERROR - Task was destroyed but it is pending!
task: <Task pending name='Task-2' coro=<Connection.run() running at C:\Users\wogud\AppData\Local\Programs\Python\Python313\Lib\site-packages\playwright\_impl\_connection.py:312> wait_for=<Future pending cb=[Task.task_wakeup()]>>
2025-08-17 02:40:33 - asyncio - ERROR - Task was destroyed but it is pending!
task: <Task pending name='Task-2' coro=<Connection.run() running at C:\Users\wogud\AppData\Local\Programs\Python\Python313\Lib\site-packages\playwright\_impl\_connection.py:312> wait_for=<Future pending cb=[Task.task_wakeup()]>>
2025-08-17 02:43:57 - asyncio - ERROR - Task was destroyed but it is pending!
task: <Task pending name='Task-2' coro=<Connection.run() running at C:\Users\wogud\AppData\Local\Programs\Python\Python313\Lib\site-packages\playwright\_impl\_connection.py:312> wait_for=<Future pending cb=[Task.task_wakeup()]>>
2025-08-17 02:55:19 - asyncio - ERROR - Task was destroyed but it is pending!
task: <Task pending name='Task-2' coro=<Connection.run() running at C:\Users\wogud\AppData\Local\Programs\Python\Python313\Lib\site-packages\playwright\_impl\_connection.py:312> wait_for=<Future pending cb=[Task.task_wakeup()]>>
2025-08-17 02:56:20 - features.naver_cafe.adapters - ERROR - Playwright 카페 검색 실패: Page.wait_for_selector: Timeout 10000ms exceeded.
Call log:
  - waiting for locator(".CafeItem") to be visible

2025-08-17 03:00:03 - asyncio - ERROR - Task was destroyed but it is pending!
task: <Task pending name='Task-2' coro=<Connection.run() running at C:\Users\wogud\AppData\Local\Programs\Python\Python313\Lib\site-packages\playwright\_impl\_connection.py:312> wait_for=<Future pending cb=[Task.task_wakeup()]>>
2025-08-17 03:09:49 - asyncio - ERROR - Task was destroyed but it is pending!
task: <Task pending name='Task-2' coro=<Connection.run() running at C:\Users\wogud\AppData\Local\Programs\Python\Python313\Lib\site-packages\playwright\_impl\_connection.py:312> wait_for=<Future pending cb=[Task.task_wakeup()]>>
2025-08-17 03:15:02 - features.naver_cafe.adapters - ERROR - Playwright 크롤링 실패: 'coroutine' object has no attribute 'goto'
2025-08-17 03:28:46 - asyncio - ERROR - Task was destroyed but it is pending!
task: <Task pending name='Task-2' coro=<Connection.run() running at C:\Users\wogud\AppData\Local\Programs\Python\Python313\Lib\site-packages\playwright\_impl\_connection.py:312> wait_for=<Future pending cb=[Task.task_wakeup()]>>
2025-08-17 03:29:14 - features.naver_cafe.adapters - ERROR - API 호출 중 오류: name 'aiohttp' is not defined
2025-08-17 03:35:50 - asyncio - ERROR - Task was destroyed but it is pending!
task: <Task pending name='Task-2' coro=<Connection.run() running at C:\Users\wogud\AppData\Local\Programs\Python\Python313\Lib\site-packages\playwright\_impl\_connection.py:312> wait_for=<Future pending cb=[Task.task_wakeup()]>>
2025-08-17 03:35:50 - asyncio - ERROR - Unclosed client session
client_session: <aiohttp.client.ClientSession object at 0x000001E7A8043A10>
2025-08-17 03:45:18 - asyncio - ERROR - Task was destroyed but it is pending!
task: <Task pending name='Task-2' coro=<Connection.run() running at C:\Users\wogud\AppData\Local\Programs\Python\Python313\Lib\site-packages\playwright\_impl\_connection.py:312> wait_for=<Future pending cb=[Task.task_wakeup()]>>
2025-08-17 03:46:38 - asyncio - ERROR - Task was destroyed but it is pending!
task: <Task pending name='Task-2' coro=<Connection.run() running at C:\Users\wogud\AppData\Local\Programs\Python\Python313\Lib\site-packages\playwright\_impl\_connection.py:312> wait_for=<Future pending cb=[Task.task_wakeup()]>>
2025-08-17 03:50:59 - asyncio - ERROR - Task was destroyed but it is pending!
task: <Task pending name='Task-2' coro=<Connection.run() running at C:\Users\wogud\AppData\Local\Programs\Python\Python313\Lib\site-packages\playwright\_impl\_connection.py:312> wait_for=<Future pending cb=[Task.task_wakeup()]>>
2025-08-17 03:52:18 - asyncio - ERROR - Task was destroyed but it is pending!
task: <Task pending name='Task-2' coro=<Connection.run() running at C:\Users\wogud\AppData\Local\Programs\Python\Python313\Lib\site-packages\playwright\_impl\_connection.py:312> wait_for=<Future pending cb=[Task.task_wakeup()]>>
2025-08-17 03:58:21 - features.naver_cafe.worker - ERROR - 추출 중 오류: name 'api_calls' is not defined
2025-08-17 03:58:21 - features.naver_cafe.worker - ERROR - 카페 추출 워커 실행 중 오류: name 'api_calls' is not defined
2025-08-17 04:04:25 - asyncio - ERROR - Task was destroyed but it is pending!
task: <Task pending name='Task-2' coro=<Connection.run() running at C:\Users\wogud\AppData\Local\Programs\Python\Python313\Lib\site-packages\playwright\_impl\_connection.py:312> wait_for=<Future pending cb=[Task.task_wakeup()]>>
2025-08-17 04:04:25 - asyncio - ERROR - Task was destroyed but it is pending!
task: <Task pending name='Task-26' coro=<Connection.run() running at C:\Users\wogud\AppData\Local\Programs\Python\Python313\Lib\site-packages\playwright\_impl\_connection.py:312> wait_for=<Future pending cb=[Task.task_wakeup()]>>
2025-08-17 04:05:31 - features.naver_cafe.worker - ERROR - 추출 중 오류: name 'api_calls' is not defined
2025-08-17 04:05:31 - features.naver_cafe.worker - ERROR - 카페 추출 워커 실행 중 오류: name 'api_calls' is not defined
2025-08-17 04:05:36 - asyncio - ERROR - Task was destroyed but it is pending!
task: <Task pending name='Task-2' coro=<Connection.run() running at C:\Users\wogud\AppData\Local\Programs\Python\Python313\Lib\site-packages\playwright\_impl\_connection.py:312> wait_for=<Future pending cb=[Task.task_wakeup()]>>
2025-08-17 04:05:36 - asyncio - ERROR - Task was destroyed but it is pending!
task: <Task pending name='Task-26' coro=<Connection.run() running at C:\Users\wogud\AppData\Local\Programs\Python\Python313\Lib\site-packages\playwright\_impl\_connection.py:312> wait_for=<Future pending cb=[Task.task_wakeup()]>>
2025-08-17 04:17:57 - asyncio - ERROR - Task was destroyed but it is pending!
task: <Task pending name='Task-2' coro=<Connection.run() running at C:\Users\wogud\AppData\Local\Programs\Python\Python313\Lib\site-packages\playwright\_impl\_connection.py:312> wait_for=<Future pending cb=[Task.task_wakeup()]>>
2025-08-17 04:21:15 - features.naver_cafe.worker - ERROR - 추출 중 오류: name 'api_calls' is not defined
2025-08-17 04:21:15 - features.naver_cafe.worker - ERROR - 카페 추출 워커 실행 중 오류: name 'api_calls' is not defined
2025-08-17 04:21:20 - asyncio - ERROR - Task was destroyed but it is pending!
task: <Task pending name='Task-2' coro=<Connection.run() running at C:\Users\wogud\AppData\Local\Programs\Python\Python313\Lib\site-packages\playwright\_impl\_connection.py:312> wait_for=<Future pending cb=[Task.task_wakeup()]>>
2025-08-17 04:21:20 - asyncio - ERROR - Task was destroyed but it is pending!
task: <Task pending name='Task-26' coro=<Connection.run() running at C:\Users\wogud\AppData\Local\Programs\Python\Python313\Lib\site-packages\playwright\_impl\_connection.py:312> wait_for=<Future pending cb=[Task.task_wakeup()]>>
2025-08-17 17:23:52 - features.naver_cafe.worker - ERROR - 추출 중 오류: name 'api_calls' is not defined
2025-08-17 17:23:52 - features.naver_cafe.worker - ERROR - 카페 추출 워커 실행 중 오류: name 'api_calls' is not defined
2025-08-17 17:29:00 - asyncio - ERROR - Task was destroyed but it is pending!
task: <Task pending name='Task-2' coro=<Connection.run() running at C:\Users\wogud\AppData\Local\Programs\Python\Python313\Lib\site-packages\playwright\_impl\_connection.py:312> wait_for=<Future pending cb=[Task.task_wakeup()]>>
2025-08-17 17:29:00 - asyncio - ERROR - Task was destroyed but it is pending!
task: <Task pending name='Task-26' coro=<Connection.run() running at C:\Users\wogud\AppData\Local\Programs\Python\Python313\Lib\site-packages\playwright\_impl\_connection.py:312> wait_for=<Future pending cb=[Task.task_wakeup()]>>
2025-08-17 17:30:30 - asyncio - ERROR - Task was destroyed but it is pending!
task: <Task pending name='Task-2' coro=<Connection.run() running at C:\Users\wogud\AppData\Local\Programs\Python\Python313\Lib\site-packages\playwright\_impl\_connection.py:312> wait_for=<Future pending cb=[Task.task_wakeup()]>>
2025-08-17 17:32:15 - asyncio - ERROR - Task was destroyed but it is pending!
task: <Task pending name='Task-2' coro=<Connection.run() running at C:\Users\wogud\AppData\Local\Programs\Python\Python313\Lib\site-packages\playwright\_impl\_connection.py:312> wait_for=<Future pending cb=[Task.task_wakeup()]>>
2025-08-17 17:34:25 - asyncio - ERROR - Task was destroyed but it is pending!
task: <Task pending name='Task-2' coro=<Connection.run() running at C:\Users\wogud\AppData\Local\Programs\Python\Python313\Lib\site-packages\playwright\_impl\_connection.py:312> wait_for=<Future pending cb=[Task.task_wakeup()]>>
2025-08-17 17:36:02 - asyncio - ERROR - Task was destroyed but it is pending!
task: <Task pending name='Task-2' coro=<Connection.run() running at C:\Users\wogud\AppData\Local\Programs\Python\Python313\Lib\site-packages\playwright\_impl\_connection.py:312> wait_for=<Future pending cb=[Task.task_wakeup()]>>
2025-08-17 17:36:34 - asyncio - ERROR - Task was destroyed but it is pending!
task: <Task pending name='Task-2' coro=<Connection.run() running at C:\Users\wogud\AppData\Local\Programs\Python\Python313\Lib\site-packages\playwright\_impl\_connection.py:312> wait_for=<Future pending cb=[Task.task_wakeup()]>>
2025-08-17 17:36:57 - asyncio - ERROR - Task was destroyed but it is pending!
task: <Task pending name='Task-2' coro=<Connection.run() running at C:\Users\wogud\AppData\Local\Programs\Python\Python313\Lib\site-packages\playwright\_impl\_connection.py:312> wait_for=<Future pending cb=[Task.task_wakeup()]>>
2025-08-17 17:37:51 - asyncio - ERROR - Task was destroyed but it is pending!
task: <Task pending name='Task-2' coro=<Connection.run() running at C:\Users\wogud\AppData\Local\Programs\Python\Python313\Lib\site-packages\playwright\_impl\_connection.py:312> wait_for=<Future pending cb=[Task.task_wakeup()]>>
2025-08-17 17:37:54 - asyncio - ERROR - Task was destroyed but it is pending!
task: <Task pending name='Task-2' coro=<Connection.run() running at C:\Users\wogud\AppData\Local\Programs\Python\Python313\Lib\site-packages\playwright\_impl\_connection.py:312> wait_for=<Future pending cb=[Task.task_wakeup()]>>
2025-08-17 17:39:01 - asyncio - ERROR - Task was destroyed but it is pending!
task: <Task pending name='Task-2' coro=<Connection.run() running at C:\Users\wogud\AppData\Local\Programs\Python\Python313\Lib\site-packages\playwright\_impl\_connection.py:312> wait_for=<Future pending cb=[Task.task_wakeup()]>>
2025-08-17 17:40:36 - asyncio - ERROR - Task was destroyed but it is pending!
task: <Task pending name='Task-2' coro=<Connection.run() running at C:\Users\wogud\AppData\Local\Programs\Python\Python313\Lib\site-packages\playwright\_impl\_connection.py:312> wait_for=<Future pending cb=[Task.task_wakeup()]>>
2025-08-17 17:41:20 - asyncio - ERROR - Task was destroyed but it is pending!
task: <Task pending name='Task-2' coro=<Connection.run() running at C:\Users\wogud\AppData\Local\Programs\Python\Python313\Lib\site-packages\playwright\_impl\_connection.py:312> wait_for=<Future pending cb=[Task.task_wakeup()]>>
2025-08-17 17:41:29 - asyncio - ERROR - Task was destroyed but it is pending!
task: <Task pending name='Task-2' coro=<Connection.run() running at C:\Users\wogud\AppData\Local\Programs\Python\Python313\Lib\site-packages\playwright\_impl\_connection.py:312> wait_for=<Future pending cb=[Task.task_wakeup()]>>
2025-08-17 17:43:00 - asyncio - ERROR - Task was destroyed but it is pending!
task: <Task pending name='Task-2' coro=<Connection.run() running at C:\Users\wogud\AppData\Local\Programs\Python\Python313\Lib\site-packages\playwright\_impl\_connection.py:312> wait_for=<Future pending cb=[Task.task_wakeup()]>>
2025-08-17 17:43:33 - asyncio - ERROR - Task was destroyed but it is pending!
task: <Task pending name='Task-2' coro=<Connection.run() running at C:\Users\wogud\AppData\Local\Programs\Python\Python313\Lib\site-packages\playwright\_impl\_connection.py:312> wait_for=<Future pending cb=[Task.task_wakeup()]>>
2025-08-17 17:44:22 - asyncio - ERROR - Task was destroyed but it is pending!
task: <Task pending name='Task-2' coro=<Connection.run() running at C:\Users\wogud\AppData\Local\Programs\Python\Python313\Lib\site-packages\playwright\_impl\_connection.py:312> wait_for=<Future pending cb=[Task.task_wakeup()]>>
2025-08-17 17:44:46 - asyncio - ERROR - Task was destroyed but it is pending!
task: <Task pending name='Task-2' coro=<Connection.run() running at C:\Users\wogud\AppData\Local\Programs\Python\Python313\Lib\site-packages\playwright\_impl\_connection.py:312> wait_for=<Future pending cb=[Task.task_wakeup()]>>
2025-08-17 17:45:10 - asyncio - ERROR - Task was destroyed but it is pending!
task: <Task pending name='Task-2' coro=<Connection.run() running at C:\Users\wogud\AppData\Local\Programs\Python\Python313\Lib\site-packages\playwright\_impl\_connection.py:312> wait_for=<Future pending cb=[Task.task_wakeup()]>>
2025-08-17 17:46:06 - asyncio - ERROR - Task was destroyed but it is pending!
task: <Task pending name='Task-2' coro=<Connection.run() running at C:\Users\wogud\AppData\Local\Programs\Python\Python313\Lib\site-packages\playwright\_impl\_connection.py:312> wait_for=<Future pending cb=[Task.task_wakeup()]>>
2025-08-17 17:47:36 - asyncio - ERROR - Task was destroyed but it is pending!
task: <Task pending name='Task-2' coro=<Connection.run() running at C:\Users\wogud\AppData\Local\Programs\Python\Python313\Lib\site-packages\playwright\_impl\_connection.py:312> wait_for=<Future pending cb=[Task.task_wakeup()]>>
2025-08-17 17:48:59 - asyncio - ERROR - Task was destroyed but it is pending!
task: <Task pending name='Task-2' coro=<Connection.run() running at C:\Users\wogud\AppData\Local\Programs\Python\Python313\Lib\site-packages\playwright\_impl\_connection.py:312> wait_for=<Future pending cb=[Task.task_wakeup()]>>
2025-08-17 17:50:51 - asyncio - ERROR - Task was destroyed but it is pending!
task: <Task pending name='Task-2' coro=<Connection.run() running at C:\Users\wogud\AppData\Local\Programs\Python\Python313\Lib\site-packages\playwright\_impl\_connection.py:312> wait_for=<Future pending cb=[Task.task_wakeup()]>>
2025-08-17 17:52:46 - asyncio - ERROR - Task was destroyed but it is pending!
task: <Task pending name='Task-2' coro=<Connection.run() running at C:\Users\wogud\AppData\Local\Programs\Python\Python313\Lib\site-packages\playwright\_impl\_connection.py:312> wait_for=<Future pending cb=[Task.task_wakeup()]>>
2025-08-17 17:55:31 - asyncio - ERROR - Task was destroyed but it is pending!
task: <Task pending name='Task-2' coro=<Connection.run() running at C:\Users\wogud\AppData\Local\Programs\Python\Python313\Lib\site-packages\playwright\_impl\_connection.py:312> wait_for=<Future pending cb=[Task.task_wakeup()]>>
2025-08-17 17:56:58 - asyncio - ERROR - Task was destroyed but it is pending!
task: <Task pending name='Task-2' coro=<Connection.run() running at C:\Users\wogud\AppData\Local\Programs\Python\Python313\Lib\site-packages\playwright\_impl\_connection.py:312> wait_for=<Future pending cb=[Task.task_wakeup()]>>
2025-08-17 17:58:00 - asyncio - ERROR - Task was destroyed but it is pending!
task: <Task pending name='Task-2' coro=<Connection.run() running at C:\Users\wogud\AppData\Local\Programs\Python\Python313\Lib\site-packages\playwright\_impl\_connection.py:312> wait_for=<Future pending cb=[Task.task_wakeup()]>>
2025-08-17 17:59:31 - asyncio - ERROR - Task was destroyed but it is pending!
task: <Task pending name='Task-2' coro=<Connection.run() running at C:\Users\wogud\AppData\Local\Programs\Python\Python313\Lib\site-packages\playwright\_impl\_connection.py:312> wait_for=<Future pending cb=[Task.task_wakeup()]>>
2025-08-17 18:10:47 - asyncio - ERROR - Task was destroyed but it is pending!
task: <Task pending name='Task-2' coro=<Connection.run() running at C:\Users\wogud\AppData\Local\Programs\Python\Python313\Lib\site-packages\playwright\_impl\_connection.py:312> wait_for=<Future pending cb=[Task.task_wakeup()]>>
2025-08-17 18:21:02 - asyncio - ERROR - Task was destroyed but it is pending!
task: <Task pending name='Task-2' coro=<Connection.run() running at C:\Users\wogud\AppData\Local\Programs\Python\Python313\Lib\site-packages\playwright\_impl\_connection.py:312> wait_for=<Future pending cb=[Task.task_wakeup()]>>
2025-08-17 18:22:38 - asyncio - ERROR - Task was destroyed but it is pending!
task: <Task pending name='Task-2' coro=<Connection.run() running at C:\Users\wogud\AppData\Local\Programs\Python\Python313\Lib\site-packages\playwright\_impl\_connection.py:312> wait_for=<Future pending cb=[Task.task_wakeup()]>>
2025-08-17 18:30:44 - asyncio - ERROR - Task was destroyed but it is pending!
task: <Task pending name='Task-2' coro=<Connection.run() running at C:\Users\wogud\AppData\Local\Programs\Python\Python313\Lib\site-packages\playwright\_impl\_connection.py:312> wait_for=<Future pending cb=[Task.task_wakeup()]>>
2025-08-17 18:37:31 - asyncio - ERROR - Task was destroyed but it is pending!
task: <Task pending name='Task-2' coro=<Connection.run() running at C:\Users\wogud\AppData\Local\Programs\Python\Python313\Lib\site-packages\playwright\_impl\_connection.py:312> wait_for=<Future pending cb=[Task.task_wakeup()]>>
2025-08-17 18:48:59 - asyncio - ERROR - Task was destroyed but it is pending!
task: <Task pending name='Task-2' coro=<Connection.run() running at C:\Users\wogud\AppData\Local\Programs\Python\Python313\Lib\site-packages\playwright\_impl\_connection.py:312> wait_for=<Future pending cb=[Task.task_wakeup()]>>
2025-08-17 18:56:18 - asyncio - ERROR - Task was destroyed but it is pending!
task: <Task pending name='Task-2' coro=<Connection.run() running at C:\Users\wogud\AppData\Local\Programs\Python\Python313\Lib\site-packages\playwright\_impl\_connection.py:312> wait_for=<Future pending cb=[Task.task_wakeup()]>>
2025-08-17 18:57:07 - asyncio - ERROR - Task was destroyed but it is pending!
task: <Task pending name='Task-2' coro=<Connection.run() running at C:\Users\wogud\AppData\Local\Programs\Python\Python313\Lib\site-packages\playwright\_impl\_connection.py:312> wait_for=<Future pending cb=[Task.task_wakeup()]>>
2025-08-17 18:57:39 - asyncio - ERROR - Task was destroyed but it is pending!
task: <Task pending name='Task-2' coro=<Connection.run() running at C:\Users\wogud\AppData\Local\Programs\Python\Python313\Lib\site-packages\playwright\_impl\_connection.py:312> wait_for=<Future pending cb=[Task.task_wakeup()]>>
2025-08-17 18:57:46 - asyncio - ERROR - Task was destroyed but it is pending!
task: <Task pending name='Task-2' coro=<Connection.run() running at C:\Users\wogud\AppData\Local\Programs\Python\Python313\Lib\site-packages\playwright\_impl\_connection.py:312> wait_for=<Future pending cb=[Task.task_wakeup()]>>
2025-08-17 18:58:12 - asyncio - ERROR - Task was destroyed but it is pending!
task: <Task pending name='Task-2' coro=<Connection.run() running at C:\Users\wogud\AppData\Local\Programs\Python\Python313\Lib\site-packages\playwright\_impl\_connection.py:312> wait_for=<Future pending cb=[Task.task_wakeup()]>>
2025-08-17 19:00:06 - asyncio - ERROR - Task was destroyed but it is pending!
task: <Task pending name='Task-2' coro=<Connection.run() running at C:\Users\wogud\AppData\Local\Programs\Python\Python313\Lib\site-packages\playwright\_impl\_connection.py:312> wait_for=<Future pending cb=[Task.task_wakeup()]>>
2025-08-17 19:01:19 - asyncio - ERROR - Task was destroyed but it is pending!
task: <Task pending name='Task-2' coro=<Connection.run() running at C:\Users\wogud\AppData\Local\Programs\Python\Python313\Lib\site-packages\playwright\_impl\_connection.py:312> wait_for=<Future pending cb=[Task.task_wakeup()]>>
2025-08-17 19:01:25 - asyncio - ERROR - Task was destroyed but it is pending!
task: <Task pending name='Task-2' coro=<Connection.run() running at C:\Users\wogud\AppData\Local\Programs\Python\Python313\Lib\site-packages\playwright\_impl\_connection.py:312> wait_for=<Future pending cb=[Task.task_wakeup()]>>
2025-08-17 19:03:56 - asyncio - ERROR - Task was destroyed but it is pending!
task: <Task pending name='Task-2' coro=<Connection.run() running at C:\Users\wogud\AppData\Local\Programs\Python\Python313\Lib\site-packages\playwright\_impl\_connection.py:312> wait_for=<Future pending cb=[Task.task_wakeup()]>>
2025-08-17 19:04:14 - asyncio - ERROR - Task was destroyed but it is pending!
task: <Task pending name='Task-2' coro=<Connection.run() running at C:\Users\wogud\AppData\Local\Programs\Python\Python313\Lib\site-packages\playwright\_impl\_connection.py:312> wait_for=<Future pending cb=[Task.task_wakeup()]>>
2025-08-17 19:05:39 - asyncio - ERROR - Task was destroyed but it is pending!
task: <Task pending name='Task-2' coro=<Connection.run() running at C:\Users\wogud\AppData\Local\Programs\Python\Python313\Lib\site-packages\playwright\_impl\_connection.py:312> wait_for=<Future pending cb=[Task.task_wakeup()]>>
2025-08-17 19:06:52 - asyncio - ERROR - Task was destroyed but it is pending!
task: <Task pending name='Task-2' coro=<Connection.run() running at C:\Users\wogud\AppData\Local\Programs\Python\Python313\Lib\site-packages\playwright\_impl\_connection.py:312> wait_for=<Future pending cb=[Task.task_wakeup()]>>
2025-08-17 19:07:06 - asyncio - ERROR - Task was destroyed but it is pending!
task: <Task pending name='Task-2' coro=<Connection.run() running at C:\Users\wogud\AppData\Local\Programs\Python\Python313\Lib\site-packages\playwright\_impl\_connection.py:312> wait_for=<Future pending cb=[Task.task_wakeup()]>>
2025-08-17 19:07:20 - asyncio - ERROR - Task was destroyed but it is pending!
task: <Task pending name='Task-2' coro=<Connection.run() running at C:\Users\wogud\AppData\Local\Programs\Python\Python313\Lib\site-packages\playwright\_impl\_connection.py:312> wait_for=<Future pending cb=[Task.task_wakeup()]>>
2025-08-17 19:07:45 - asyncio - ERROR - Task was destroyed but it is pending!
task: <Task pending name='Task-2' coro=<Connection.run() running at C:\Users\wogud\AppData\Local\Programs\Python\Python313\Lib\site-packages\playwright\_impl\_connection.py:312> wait_for=<Future pending cb=[Task.task_wakeup()]>>
2025-08-17 19:08:39 - asyncio - ERROR - Task was destroyed but it is pending!
task: <Task pending name='Task-2' coro=<Connection.run() running at C:\Users\wogud\AppData\Local\Programs\Python\Python313\Lib\site-packages\playwright\_impl\_connection.py:312> wait_for=<Future pending cb=[Task.task_wakeup()]>>
2025-08-17 19:08:54 - asyncio - ERROR - Task was destroyed but it is pending!
task: <Task pending name='Task-2' coro=<Connection.run() running at C:\Users\wogud\AppData\Local\Programs\Python\Python313\Lib\site-packages\playwright\_impl\_connection.py:312> wait_for=<Future pending cb=[Task.task_wakeup()]>>
2025-08-17 19:09:20 - asyncio - ERROR - Task was destroyed but it is pending!
task: <Task pending name='Task-2' coro=<Connection.run() running at C:\Users\wogud\AppData\Local\Programs\Python\Python313\Lib\site-packages\playwright\_impl\_connection.py:312> wait_for=<Future pending cb=[Task.task_wakeup()]>>
2025-08-17 19:09:46 - asyncio - ERROR - Task was destroyed but it is pending!
task: <Task pending name='Task-2' coro=<Connection.run() running at C:\Users\wogud\AppData\Local\Programs\Python\Python313\Lib\site-packages\playwright\_impl\_connection.py:312> wait_for=<Future pending cb=[Task.task_wakeup()]>>
2025-08-17 19:10:49 - asyncio - ERROR - Task was destroyed but it is pending!
task: <Task pending name='Task-2' coro=<Connection.run() running at C:\Users\wogud\AppData\Local\Programs\Python\Python313\Lib\site-packages\playwright\_impl\_connection.py:312> wait_for=<Future pending cb=[Task.task_wakeup()]>>
2025-08-17 19:11:44 - asyncio - ERROR - Task was destroyed but it is pending!
task: <Task pending name='Task-2' coro=<Connection.run() running at C:\Users\wogud\AppData\Local\Programs\Python\Python313\Lib\site-packages\playwright\_impl\_connection.py:312> wait_for=<Future pending cb=[Task.task_wakeup()]>>
2025-08-17 19:11:53 - asyncio - ERROR - Task was destroyed but it is pending!
task: <Task pending name='Task-2' coro=<Connection.run() running at C:\Users\wogud\AppData\Local\Programs\Python\Python313\Lib\site-packages\playwright\_impl\_connection.py:312> wait_for=<Future pending cb=[Task.task_wakeup()]>>
2025-08-17 19:14:57 - asyncio - ERROR - Task was destroyed but it is pending!
task: <Task pending name='Task-2' coro=<Connection.run() running at C:\Users\wogud\AppData\Local\Programs\Python\Python313\Lib\site-packages\playwright\_impl\_connection.py:312> wait_for=<Future pending cb=[Task.task_wakeup()]>>
2025-08-17 19:16:09 - asyncio - ERROR - Task was destroyed but it is pending!
task: <Task pending name='Task-2' coro=<Connection.run() running at C:\Users\wogud\AppData\Local\Programs\Python\Python313\Lib\site-packages\playwright\_impl\_connection.py:312> wait_for=<Future pending cb=[Task.task_wakeup()]>>
2025-08-17 19:18:11 - asyncio - ERROR - Task was destroyed but it is pending!
task: <Task pending name='Task-2' coro=<Connection.run() running at C:\Users\wogud\AppData\Local\Programs\Python\Python313\Lib\site-packages\playwright\_impl\_connection.py:312> wait_for=<Future pending cb=[Task.task_wakeup()]>>
2025-08-17 19:21:48 - asyncio - ERROR - Task was destroyed but it is pending!
task: <Task pending name='Task-2' coro=<Connection.run() running at C:\Users\wogud\AppData\Local\Programs\Python\Python313\Lib\site-packages\playwright\_impl\_connection.py:312> wait_for=<Future pending cb=[Task.task_wakeup()]>>
2025-08-17 19:23:53 - asyncio - ERROR - Task was destroyed but it is pending!
task: <Task pending name='Task-2' coro=<Connection.run() running at C:\Users\wogud\AppData\Local\Programs\Python\Python313\Lib\site-packages\playwright\_impl\_connection.py:312> wait_for=<Future pending cb=[Task.task_wakeup()]>>
2025-08-17 19:25:33 - asyncio - ERROR - Task was destroyed but it is pending!
task: <Task pending name='Task-2' coro=<Connection.run() running at C:\Users\wogud\AppData\Local\Programs\Python\Python313\Lib\site-packages\playwright\_impl\_connection.py:312> wait_for=<Future pending cb=[Task.task_wakeup()]>>
2025-08-17 19:26:49 - asyncio - ERROR - Task was destroyed but it is pending!
task: <Task pending name='Task-2' coro=<Connection.run() running at C:\Users\wogud\AppData\Local\Programs\Python\Python313\Lib\site-packages\playwright\_impl\_connection.py:312> wait_for=<Future pending cb=[Task.task_wakeup()]>>
2025-08-17 19:26:58 - asyncio - ERROR - Task was destroyed but it is pending!
task: <Task pending name='Task-2' coro=<Connection.run() running at C:\Users\wogud\AppData\Local\Programs\Python\Python313\Lib\site-packages\playwright\_impl\_connection.py:312> wait_for=<Future pending cb=[Task.task_wakeup()]>>
2025-08-17 19:27:30 - asyncio - ERROR - Task was destroyed but it is pending!
task: <Task pending name='Task-2' coro=<Connection.run() running at C:\Users\wogud\AppData\Local\Programs\Python\Python313\Lib\site-packages\playwright\_impl\_connection.py:312> wait_for=<Future pending cb=[Task.task_wakeup()]>>
2025-08-17 19:28:29 - asyncio - ERROR - Task was destroyed but it is pending!
task: <Task pending name='Task-2' coro=<Connection.run() running at C:\Users\wogud\AppData\Local\Programs\Python\Python313\Lib\site-packages\playwright\_impl\_connection.py:312> wait_for=<Future pending cb=[Task.task_wakeup()]>>
2025-08-17 19:28:51 - asyncio - ERROR - Task was destroyed but it is pending!
task: <Task pending name='Task-2' coro=<Connection.run() running at C:\Users\wogud\AppData\Local\Programs\Python\Python313\Lib\site-packages\playwright\_impl\_connection.py:312> wait_for=<Future pending cb=[Task.task_wakeup()]>>
2025-08-17 19:28:55 - asyncio - ERROR - Task was destroyed but it is pending!
task: <Task pending name='Task-2' coro=<Connection.run() running at C:\Users\wogud\AppData\Local\Programs\Python\Python313\Lib\site-packages\playwright\_impl\_connection.py:312> wait_for=<Future pending cb=[Task.task_wakeup()]>>
2025-08-17 19:31:47 - asyncio - ERROR - Task was destroyed but it is pending!
task: <Task pending name='Task-2' coro=<Connection.run() running at C:\Users\wogud\AppData\Local\Programs\Python\Python313\Lib\site-packages\playwright\_impl\_connection.py:312> wait_for=<Future pending cb=[Task.task_wakeup()]>>
2025-08-17 19:32:54 - asyncio - ERROR - Task was destroyed but it is pending!
task: <Task pending name='Task-2' coro=<Connection.run() running at C:\Users\wogud\AppData\Local\Programs\Python\Python313\Lib\site-packages\playwright\_impl\_connection.py:312> wait_for=<Future pending cb=[Task.task_wakeup()]>>
2025-08-17 19:33:06 - asyncio - ERROR - Task was destroyed but it is pending!
task: <Task pending name='Task-2' coro=<Connection.run() running at C:\Users\wogud\AppData\Local\Programs\Python\Python313\Lib\site-packages\playwright\_impl\_connection.py:312> wait_for=<Future pending cb=[Task.task_wakeup()]>>
2025-08-17 19:33:56 - asyncio - ERROR - Task was destroyed but it is pending!
task: <Task pending name='Task-2' coro=<Connection.run() running at C:\Users\wogud\AppData\Local\Programs\Python\Python313\Lib\site-packages\playwright\_impl\_connection.py:312> wait_for=<Future pending cb=[Task.task_wakeup()]>>
2025-08-17 19:35:37 - asyncio - ERROR - Task was destroyed but it is pending!
task: <Task pending name='Task-2' coro=<Connection.run() running at C:\Users\wogud\AppData\Local\Programs\Python\Python313\Lib\site-packages\playwright\_impl\_connection.py:312> wait_for=<Future pending cb=[Task.task_wakeup()]>>
2025-08-17 19:37:20 - asyncio - ERROR - Task was destroyed but it is pending!
task: <Task pending name='Task-2' coro=<Connection.run() running at C:\Users\wogud\AppData\Local\Programs\Python\Python313\Lib\site-packages\playwright\_impl\_connection.py:312> wait_for=<Future pending cb=[Task.task_wakeup()]>>
2025-08-17 19:38:56 - asyncio - ERROR - Task was destroyed but it is pending!
task: <Task pending name='Task-2' coro=<Connection.run() running at C:\Users\wogud\AppData\Local\Programs\Python\Python313\Lib\site-packages\playwright\_impl\_connection.py:312> wait_for=<Future pending cb=[Task.task_wakeup()]>>
2025-08-17 19:39:06 - asyncio - ERROR - Task was destroyed but it is pending!
task: <Task pending name='Task-2' coro=<Connection.run() running at C:\Users\wogud\AppData\Local\Programs\Python\Python313\Lib\site-packages\playwright\_impl\_connection.py:312> wait_for=<Future pending cb=[Task.task_wakeup()]>>
2025-08-17 19:48:06 - asyncio - ERROR - Task was destroyed but it is pending!
task: <Task pending name='Task-2' coro=<Connection.run() running at C:\Users\wogud\AppData\Local\Programs\Python\Python313\Lib\site-packages\playwright\_impl\_connection.py:312> wait_for=<Future pending cb=[Task.task_wakeup()]>>
2025-08-17 19:48:25 - asyncio - ERROR - Task was destroyed but it is pending!
task: <Task pending name='Task-2' coro=<Connection.run() running at C:\Users\wogud\AppData\Local\Programs\Python\Python313\Lib\site-packages\playwright\_impl\_connection.py:312> wait_for=<Future pending cb=[Task.task_wakeup()]>>
2025-08-17 19:52:44 - asyncio - ERROR - Task was destroyed but it is pending!
task: <Task pending name='Task-2' coro=<Connection.run() running at C:\Users\wogud\AppData\Local\Programs\Python\Python313\Lib\site-packages\playwright\_impl\_connection.py:312> wait_for=<Future pending cb=[Task.task_wakeup()]>>
2025-08-17 19:57:07 - features.naver_cafe.results_widget - ERROR - 초기 데이터 로드 실패: name 'cafe_extraction_db' is not defined
2025-08-17 20:03:06 - asyncio - ERROR - Task was destroyed but it is pending!
task: <Task pending name='Task-2' coro=<Connection.run() running at C:\Users\wogud\AppData\Local\Programs\Python\Python313\Lib\site-packages\playwright\_impl\_connection.py:312> wait_for=<Future pending cb=[Task.task_wakeup()]>>
2025-08-17 20:04:35 - asyncio - ERROR - Task was destroyed but it is pending!
task: <Task pending name='Task-2' coro=<Connection.run() running at C:\Users\wogud\AppData\Local\Programs\Python\Python313\Lib\site-packages\playwright\_impl\_connection.py:312> wait_for=<Future pending cb=[Task.task_wakeup()]>>
2025-08-17 20:05:07 - asyncio - ERROR - Task was destroyed but it is pending!
task: <Task pending name='Task-2' coro=<Connection.run() running at C:\Users\wogud\AppData\Local\Programs\Python\Python313\Lib\site-packages\playwright\_impl\_connection.py:312> wait_for=<Future pending cb=[Task.task_wakeup()]>>
2025-08-17 20:08:50 - asyncio - ERROR - Task was destroyed but it is pending!
task: <Task pending name='Task-2' coro=<Connection.run() running at C:\Users\wogud\AppData\Local\Programs\Python\Python313\Lib\site-packages\playwright\_impl\_connection.py:312> wait_for=<Future pending cb=[Task.task_wakeup()]>>
2025-08-17 20:09:09 - asyncio - ERROR - Task was destroyed but it is pending!
task: <Task pending name='Task-2' coro=<Connection.run() running at C:\Users\wogud\AppData\Local\Programs\Python\Python313\Lib\site-packages\playwright\_impl\_connection.py:312> wait_for=<Future pending cb=[Task.task_wakeup()]>>
2025-08-17 20:10:06 - asyncio - ERROR - Task was destroyed but it is pending!
task: <Task pending name='Task-2' coro=<Connection.run() running at C:\Users\wogud\AppData\Local\Programs\Python\Python313\Lib\site-packages\playwright\_impl\_connection.py:312> wait_for=<Future pending cb=[Task.task_wakeup()]>>
2025-08-17 20:10:31 - features.naver_cafe.worker - ERROR - API 호출 실패: name 'task' is not defined
2025-08-17 20:10:31 - features.naver_cafe.worker - ERROR - API 호출 실패: name 'task' is not defined
2025-08-17 20:10:36 - features.naver_cafe.worker - ERROR - API 호출 실패: name 'task' is not defined
2025-08-17 20:10:36 - features.naver_cafe.worker - ERROR - API 호출 실패: name 'task' is not defined
2025-08-17 20:10:40 - features.naver_cafe.worker - ERROR - API 호출 실패: name 'task' is not defined
2025-08-17 20:10:40 - features.naver_cafe.worker - ERROR - API 호출 실패: name 'task' is not defined
2025-08-17 20:10:45 - features.naver_cafe.worker - ERROR - API 호출 실패: name 'task' is not defined
2025-08-17 20:10:45 - features.naver_cafe.worker - ERROR - API 호출 실패: name 'task' is not defined
2025-08-17 20:11:13 - asyncio - ERROR - Task was destroyed but it is pending!
task: <Task pending name='Task-2' coro=<Connection.run() running at C:\Users\wogud\AppData\Local\Programs\Python\Python313\Lib\site-packages\playwright\_impl\_connection.py:312> wait_for=<Future pending cb=[Task.task_wakeup()]>>
2025-08-17 20:14:13 - asyncio - ERROR - Task was destroyed but it is pending!
task: <Task pending name='Task-2' coro=<Connection.run() running at C:\Users\wogud\AppData\Local\Programs\Python\Python313\Lib\site-packages\playwright\_impl\_connection.py:312> wait_for=<Future pending cb=[Task.task_wakeup()]>>
2025-08-17 20:14:21 - asyncio - ERROR - Task was destroyed but it is pending!
task: <Task pending name='Task-2' coro=<Connection.run() running at C:\Users\wogud\AppData\Local\Programs\Python\Python313\Lib\site-packages\playwright\_impl\_connection.py:312> wait_for=<Future pending cb=[Task.task_wakeup()]>>
2025-08-17 20:20:01 - asyncio - ERROR - Task was destroyed but it is pending!
task: <Task pending name='Task-2' coro=<Connection.run() running at C:\Users\wogud\AppData\Local\Programs\Python\Python313\Lib\site-packages\playwright\_impl\_connection.py:312> wait_for=<Future pending cb=[Task.task_wakeup()]>>
2025-08-17 20:20:22 - asyncio - ERROR - Task was destroyed but it is pending!
task: <Task pending name='Task-2' coro=<Connection.run() running at C:\Users\wogud\AppData\Local\Programs\Python\Python313\Lib\site-packages\playwright\_impl\_connection.py:312> wait_for=<Future pending cb=[Task.task_wakeup()]>>
2025-08-17 20:21:28 - asyncio - ERROR - Task was destroyed but it is pending!
task: <Task pending name='Task-2' coro=<Connection.run() running at C:\Users\wogud\AppData\Local\Programs\Python\Python313\Lib\site-packages\playwright\_impl\_connection.py:312> wait_for=<Future pending cb=[Task.task_wakeup()]>>
2025-08-17 20:52:50 - asyncio - ERROR - Task was destroyed but it is pending!
task: <Task pending name='Task-2' coro=<Connection.run() running at C:\Users\wogud\AppData\Local\Programs\Python\Python313\Lib\site-packages\playwright\_impl\_connection.py:312> wait_for=<Future pending cb=[Task.task_wakeup()]>>
2025-08-17 20:57:11 - features.naver_cafe.control_widget - ERROR - 브라우저 초기화 실패: name 'cafe_browser_manager' is not defined
2025-08-17 21:50:37 - features.naver_cafe.adapters - ERROR - Playwright 게시판 조회 실패: BrowserContext.new_page: 'NoneType' object has no attribute 'send'
2025-08-17 21:50:53 - features.naver_cafe.adapters - ERROR - Playwright 게시판 조회 실패: BrowserContext.new_page: 'NoneType' object has no attribute 'send'
2025-08-17 21:57:30 - asyncio - ERROR - Task was destroyed but it is pending!
task: <Task pending name='Task-2' coro=<Connection.run() running at C:\Users\wogud\AppData\Local\Programs\Python\Python313\Lib\site-packages\playwright\_impl\_connection.py:312> wait_for=<Future pending cb=[Task.task_wakeup()]>>
2025-08-17 21:58:52 - features.naver_cafe.adapters - ERROR - Playwright 게시판 조회 실패: BrowserContext.new_page: 'NoneType' object has no attribute 'send'
2025-08-17 21:59:13 - asyncio - ERROR - Task was destroyed but it is pending!
task: <Task pending name='Task-2' coro=<Connection.run() running at C:\Users\wogud\AppData\Local\Programs\Python\Python313\Lib\site-packages\playwright\_impl\_connection.py:312> wait_for=<Future pending cb=[Task.task_wakeup()]>>
2025-08-17 22:03:12 - features.naver_cafe.adapters - ERROR - Playwright 게시판 조회 실패: BrowserContext.new_page: 'NoneType' object has no attribute 'send'
2025-08-17 22:10:55 - asyncio - ERROR - Task was destroyed but it is pending!
task: <Task pending name='Task-2' coro=<Connection.run() running at C:\Users\wogud\AppData\Local\Programs\Python\Python313\Lib\site-packages\playwright\_impl\_connection.py:312> wait_for=<Future pending cb=[Task.task_wakeup()]>>
2025-08-17 22:11:15 - features.naver_cafe.worker - ERROR - 전체 플로우 실행 중 오류: Browser.new_context: 'NoneType' object has no attribute 'send'
2025-08-17 22:13:15 - asyncio - ERROR - Task was destroyed but it is pending!
task: <Task pending name='Task-2' coro=<Connection.run() running at C:\Users\wogud\AppData\Local\Programs\Python\Python313\Lib\site-packages\playwright\_impl\_connection.py:312> wait_for=<Future pending cb=[Task.task_wakeup()]>>
2025-08-17 22:13:32 - features.naver_cafe.adapters - ERROR - Playwright 게시판 조회 실패: BrowserContext.new_page: 'NoneType' object has no attribute 'send'
2025-08-17 22:21:57 - asyncio - ERROR - Task was destroyed but it is pending!
task: <Task pending name='Task-2' coro=<Connection.run() running at C:\Users\wogud\AppData\Local\Programs\Python\Python313\Lib\site-packages\playwright\_impl\_connection.py:312> wait_for=<Future pending cb=[Task.task_wakeup()]>>
2025-08-17 22:24:54 - features.naver_cafe.worker - ERROR - 전체 플로우 실행 중 오류: BrowserContext.new_page: 'NoneType' object has no attribute 'send'
2025-08-17 22:36:35 - asyncio - ERROR - Task was destroyed but it is pending!
task: <Task pending name='Task-2' coro=<Connection.run() running at C:\Users\wogud\AppData\Local\Programs\Python\Python313\Lib\site-packages\playwright\_impl\_connection.py:312> wait_for=<Future pending cb=[Task.task_wakeup()]>>
2025-08-17 22:37:54 - main - ERROR - 기능 모듈 로드 실패: cannot import name 'cafe_browser_manager' from 'src.features.naver_cafe.worker' (c:\Users\wogud\OneDrive\Desktop\클로드코드\integrated_management_system\src\features\naver_cafe\worker.py)
2025-08-17 22:37:54 - main - ERROR - 상세 오류: Traceback (most recent call last):
  File "c:\Users\wogud\OneDrive\Desktop\클로드코드\integrated_management_system\main.py", line 36, in load_features
    register_naver_cafe(app)
    ~~~~~~~~~~~~~~~~~~~^^^^^
  File "c:\Users\wogud\OneDrive\Desktop\클로드코드\integrated_management_system\src\features\naver_cafe\__init__.py", line 13, in register
    from .ui import NaverCafeWidget
  File "c:\Users\wogud\OneDrive\Desktop\클로드코드\integrated_management_system\src\features\naver_cafe\ui.py", line 13, in <module>
    from .control_widget import NaverCafeControlWidget
  File "c:\Users\wogud\OneDrive\Desktop\클로드코드\integrated_management_system\src\features\naver_cafe\control_widget.py", line 24, in <module>
    from .worker import NaverCafeExtractionWorker, NaverCafeSearchWorker, NaverCafeBoardWorker, cafe_browser_manager
ImportError: cannot import name 'cafe_browser_manager' from 'src.features.naver_cafe.worker' (c:\Users\wogud\OneDrive\Desktop\클로드코드\integrated_management_system\src\features\naver_cafe\worker.py)

2025-08-17 22:37:54 - desktop.app - ERROR - 애플리케이션 실행 실패: cannot import name 'cafe_browser_manager' from 'src.features.naver_cafe.worker' (c:\Users\wogud\OneDrive\Desktop\클로드코드\integrated_management_system\src\features\naver_cafe\worker.py)
2025-08-17 22:37:54 - main - ERROR - 애플리케이션 시작 실패: cannot import name 'cafe_browser_manager' from 'src.features.naver_cafe.worker' (c:\Users\wogud\OneDrive\Desktop\클로드코드\integrated_management_system\src\features\naver_cafe\worker.py)
2025-08-17 22:37:57 - main - ERROR - 기능 모듈 로드 실패: cannot import name 'cafe_browser_manager' from 'src.features.naver_cafe.worker' (c:\Users\wogud\OneDrive\Desktop\클로드코드\integrated_management_system\src\features\naver_cafe\worker.py)
2025-08-17 22:37:57 - main - ERROR - 상세 오류: Traceback (most recent call last):
  File "c:\Users\wogud\OneDrive\Desktop\클로드코드\integrated_management_system\main.py", line 36, in load_features
    register_naver_cafe(app)
    ~~~~~~~~~~~~~~~~~~~^^^^^
  File "c:\Users\wogud\OneDrive\Desktop\클로드코드\integrated_management_system\src\features\naver_cafe\__init__.py", line 13, in register
    from .ui import NaverCafeWidget
  File "c:\Users\wogud\OneDrive\Desktop\클로드코드\integrated_management_system\src\features\naver_cafe\ui.py", line 13, in <module>
    from .control_widget import NaverCafeControlWidget
  File "c:\Users\wogud\OneDrive\Desktop\클로드코드\integrated_management_system\src\features\naver_cafe\control_widget.py", line 24, in <module>
    from .worker import NaverCafeExtractionWorker, NaverCafeSearchWorker, NaverCafeBoardWorker, cafe_browser_manager
ImportError: cannot import name 'cafe_browser_manager' from 'src.features.naver_cafe.worker' (c:\Users\wogud\OneDrive\Desktop\클로드코드\integrated_management_system\src\features\naver_cafe\worker.py)

2025-08-17 22:37:57 - desktop.app - ERROR - 애플리케이션 실행 실패: cannot import name 'cafe_browser_manager' from 'src.features.naver_cafe.worker' (c:\Users\wogud\OneDrive\Desktop\클로드코드\integrated_management_system\src\features\naver_cafe\worker.py)
2025-08-17 22:37:57 - main - ERROR - 애플리케이션 시작 실패: cannot import name 'cafe_browser_manager' from 'src.features.naver_cafe.worker' (c:\Users\wogud\OneDrive\Desktop\클로드코드\integrated_management_system\src\features\naver_cafe\worker.py)
2025-08-17 22:46:17 - main - ERROR - 기능 모듈 로드 실패: cannot import name 'cafe_browser_manager' from 'src.features.naver_cafe.worker' (c:\Users\wogud\OneDrive\Desktop\클로드코드\integrated_management_system\src\features\naver_cafe\worker.py)
2025-08-17 22:46:17 - main - ERROR - 상세 오류: Traceback (most recent call last):
  File "c:\Users\wogud\OneDrive\Desktop\클로드코드\integrated_management_system\main.py", line 36, in load_features
    register_naver_cafe(app)
    ~~~~~~~~~~~~~~~~~~~^^^^^
  File "c:\Users\wogud\OneDrive\Desktop\클로드코드\integrated_management_system\src\features\naver_cafe\__init__.py", line 13, in register
    from .ui import NaverCafeWidget
  File "c:\Users\wogud\OneDrive\Desktop\클로드코드\integrated_management_system\src\features\naver_cafe\ui.py", line 13, in <module>
    from .control_widget import NaverCafeControlWidget
  File "c:\Users\wogud\OneDrive\Desktop\클로드코드\integrated_management_system\src\features\naver_cafe\control_widget.py", line 24, in <module>
    from .worker import NaverCafeExtractionWorker, NaverCafeSearchWorker, NaverCafeBoardWorker, cafe_browser_manager
ImportError: cannot import name 'cafe_browser_manager' from 'src.features.naver_cafe.worker' (c:\Users\wogud\OneDrive\Desktop\클로드코드\integrated_management_system\src\features\naver_cafe\worker.py)

2025-08-17 22:46:17 - desktop.app - ERROR - 애플리케이션 실행 실패: cannot import name 'cafe_browser_manager' from 'src.features.naver_cafe.worker' (c:\Users\wogud\OneDrive\Desktop\클로드코드\integrated_management_system\src\features\naver_cafe\worker.py)
2025-08-17 22:46:17 - main - ERROR - 애플리케이션 시작 실패: cannot import name 'cafe_browser_manager' from 'src.features.naver_cafe.worker' (c:\Users\wogud\OneDrive\Desktop\클로드코드\integrated_management_system\src\features\naver_cafe\worker.py)
2025-08-17 22:46:25 - main - ERROR - 기능 모듈 로드 실패: cannot import name 'cafe_browser_manager' from 'src.features.naver_cafe.worker' (c:\Users\wogud\OneDrive\Desktop\클로드코드\integrated_management_system\src\features\naver_cafe\worker.py)
2025-08-17 22:46:25 - main - ERROR - 상세 오류: Traceback (most recent call last):
  File "c:\Users\wogud\OneDrive\Desktop\클로드코드\integrated_management_system\main.py", line 36, in load_features
    register_naver_cafe(app)
    ~~~~~~~~~~~~~~~~~~~^^^^^
  File "c:\Users\wogud\OneDrive\Desktop\클로드코드\integrated_management_system\src\features\naver_cafe\__init__.py", line 13, in register
    from .ui import NaverCafeWidget
  File "c:\Users\wogud\OneDrive\Desktop\클로드코드\integrated_management_system\src\features\naver_cafe\ui.py", line 13, in <module>
    from .control_widget import NaverCafeControlWidget
  File "c:\Users\wogud\OneDrive\Desktop\클로드코드\integrated_management_system\src\features\naver_cafe\control_widget.py", line 24, in <module>
    from .worker import NaverCafeExtractionWorker, NaverCafeSearchWorker, NaverCafeBoardWorker, cafe_browser_manager
ImportError: cannot import name 'cafe_browser_manager' from 'src.features.naver_cafe.worker' (c:\Users\wogud\OneDrive\Desktop\클로드코드\integrated_management_system\src\features\naver_cafe\worker.py)

2025-08-17 22:46:25 - desktop.app - ERROR - 애플리케이션 실행 실패: cannot import name 'cafe_browser_manager' from 'src.features.naver_cafe.worker' (c:\Users\wogud\OneDrive\Desktop\클로드코드\integrated_management_system\src\features\naver_cafe\worker.py)
2025-08-17 22:46:25 - main - ERROR - 애플리케이션 시작 실패: cannot import name 'cafe_browser_manager' from 'src.features.naver_cafe.worker' (c:\Users\wogud\OneDrive\Desktop\클로드코드\integrated_management_system\src\features\naver_cafe\worker.py)
2025-08-17 22:48:42 - features.naver_cafe.control_widget - ERROR - 브라우저 초기화 실패: name 'cafe_browser_manager' is not defined
2025-08-17 23:17:11 - features.naver_cafe.adapters - ERROR - Playwright 게시판 조회 실패: BrowserContext.new_page: 'NoneType' object has no attribute 'send'
2025-08-17 23:17:22 - asyncio - ERROR - Task was destroyed but it is pending!
task: <Task pending name='Task-2' coro=<Connection.run() running at C:\Users\wogud\AppData\Local\Programs\Python\Python313\Lib\site-packages\playwright\_impl\_connection.py:312> wait_for=<Future pending cb=[Task.task_wakeup()]>>
2025-08-17 23:19:18 - features.naver_cafe.worker - ERROR - 카페 검색 실행 중 오류: 'cp949' codec can't encode character '\u274c' in position 0: illegal multibyte sequence
2025-08-17 23:20:51 - features.naver_cafe.adapters - ERROR - 새 페이지 생성 실패: BrowserContext.new_page: 'NoneType' object has no attribute 'send'
2025-08-17 23:20:51 - features.naver_cafe.adapters - ERROR - 새 페이지 생성 실패: BrowserContext.new_page: 'NoneType' object has no attribute 'send'
2025-08-17 23:20:51 - features.naver_cafe.adapters - ERROR - 새 페이지 생성 실패: BrowserContext.new_page: 'NoneType' object has no attribute 'send'
2025-08-17 23:21:53 - features.naver_cafe.adapters - ERROR - 새 페이지 생성 실패: BrowserContext.new_page: 'NoneType' object has no attribute 'send'
2025-08-17 23:21:53 - features.naver_cafe.adapters - ERROR - 새 페이지 생성 실패: BrowserContext.new_page: 'NoneType' object has no attribute 'send'
2025-08-17 23:21:53 - features.naver_cafe.adapters - ERROR - 새 페이지 생성 실패: BrowserContext.new_page: 'NoneType' object has no attribute 'send'
2025-08-17 23:21:56 - asyncio - ERROR - Task was destroyed but it is pending!
task: <Task pending name='Task-2' coro=<Connection.run() running at C:\Users\wogud\AppData\Local\Programs\Python\Python313\Lib\site-packages\playwright\_impl\_connection.py:312> wait_for=<Future pending cb=[Task.task_wakeup()]>>
2025-08-17 23:24:29 - features.naver_cafe.adapters - ERROR - 게시판 로딩용 페이지 생성 실패: BrowserContext.new_page: 'NoneType' object has no attribute 'send'
2025-08-17 23:24:29 - features.naver_cafe.adapters - ERROR - 게시판 로딩용 페이지 생성 실패: BrowserContext.new_page: 'NoneType' object has no attribute 'send'
2025-08-17 23:24:29 - features.naver_cafe.adapters - ERROR - 게시판 로딩용 페이지 생성 실패: BrowserContext.new_page: 'NoneType' object has no attribute 'send'
2025-08-17 23:27:52 - features.naver_cafe.adapters - ERROR - 게시판 로딩용 페이지 생성 실패: BrowserContext.new_page: 'NoneType' object has no attribute 'send'
2025-08-17 23:27:52 - features.naver_cafe.adapters - ERROR - 에러 타입: <class 'AttributeError'>
2025-08-17 23:27:52 - features.naver_cafe.adapters - ERROR - 에러 메시지: BrowserContext.new_page: 'NoneType' object has no attribute 'send'
2025-08-17 23:27:52 - features.naver_cafe.adapters - ERROR - 게시판 로딩용 페이지 생성 실패: BrowserContext.new_page: 'NoneType' object has no attribute 'send'
2025-08-17 23:27:52 - features.naver_cafe.adapters - ERROR - 에러 타입: <class 'AttributeError'>
2025-08-17 23:27:52 - features.naver_cafe.adapters - ERROR - 에러 메시지: BrowserContext.new_page: 'NoneType' object has no attribute 'send'
2025-08-17 23:27:52 - features.naver_cafe.adapters - ERROR - 게시판 로딩용 페이지 생성 실패: BrowserContext.new_page: 'NoneType' object has no attribute 'send'
2025-08-17 23:27:52 - features.naver_cafe.adapters - ERROR - 에러 타입: <class 'AttributeError'>
2025-08-17 23:27:52 - features.naver_cafe.adapters - ERROR - 에러 메시지: BrowserContext.new_page: 'NoneType' object has no attribute 'send'
2025-08-17 23:32:06 - features.naver_cafe.adapters - ERROR - === 게시판 로딩용 페이지 생성 실패 ===
2025-08-17 23:32:06 - features.naver_cafe.adapters - ERROR - 에러 타입: <class 'AttributeError'>
2025-08-17 23:32:06 - features.naver_cafe.adapters - ERROR - 에러 메시지: BrowserContext.new_page: 'NoneType' object has no attribute 'send'
2025-08-17 23:32:06 - features.naver_cafe.adapters - ERROR - 에러 상세: AttributeError("BrowserContext.new_page: 'NoneType' object has no attribute 'send'")
2025-08-17 23:32:06 - features.naver_cafe.adapters - ERROR - === 게시판 로딩용 페이지 생성 실패 ===
2025-08-17 23:32:06 - features.naver_cafe.adapters - ERROR - 에러 타입: <class 'AttributeError'>
2025-08-17 23:32:06 - features.naver_cafe.adapters - ERROR - 에러 메시지: BrowserContext.new_page: 'NoneType' object has no attribute 'send'
2025-08-17 23:32:06 - features.naver_cafe.adapters - ERROR - 에러 상세: AttributeError("BrowserContext.new_page: 'NoneType' object has no attribute 'send'")
2025-08-17 23:32:06 - features.naver_cafe.adapters - ERROR - === 게시판 로딩용 페이지 생성 실패 ===
2025-08-17 23:32:06 - features.naver_cafe.adapters - ERROR - 에러 타입: <class 'AttributeError'>
2025-08-17 23:32:06 - features.naver_cafe.adapters - ERROR - 에러 메시지: BrowserContext.new_page: 'NoneType' object has no attribute 'send'
2025-08-17 23:32:06 - features.naver_cafe.adapters - ERROR - 에러 상세: AttributeError("BrowserContext.new_page: 'NoneType' object has no attribute 'send'")
2025-08-17 23:32:34 - features.naver_cafe.adapters - ERROR - === 게시판 로딩용 페이지 생성 실패 ===
2025-08-17 23:32:34 - features.naver_cafe.adapters - ERROR - 에러 타입: <class 'AttributeError'>
2025-08-17 23:32:34 - features.naver_cafe.adapters - ERROR - 에러 메시지: BrowserContext.new_page: 'NoneType' object has no attribute 'send'
2025-08-17 23:32:34 - features.naver_cafe.adapters - ERROR - 에러 상세: AttributeError("BrowserContext.new_page: 'NoneType' object has no attribute 'send'")
2025-08-17 23:32:34 - features.naver_cafe.adapters - ERROR - === 게시판 로딩용 페이지 생성 실패 ===
2025-08-17 23:32:34 - features.naver_cafe.adapters - ERROR - 에러 타입: <class 'AttributeError'>
2025-08-17 23:32:34 - features.naver_cafe.adapters - ERROR - 에러 메시지: BrowserContext.new_page: 'NoneType' object has no attribute 'send'
2025-08-17 23:32:34 - features.naver_cafe.adapters - ERROR - 에러 상세: AttributeError("BrowserContext.new_page: 'NoneType' object has no attribute 'send'")
2025-08-17 23:32:34 - features.naver_cafe.adapters - ERROR - === 게시판 로딩용 페이지 생성 실패 ===
2025-08-17 23:32:34 - features.naver_cafe.adapters - ERROR - 에러 타입: <class 'AttributeError'>
2025-08-17 23:32:34 - features.naver_cafe.adapters - ERROR - 에러 메시지: BrowserContext.new_page: 'NoneType' object has no attribute 'send'
2025-08-17 23:32:34 - features.naver_cafe.adapters - ERROR - 에러 상세: AttributeError("BrowserContext.new_page: 'NoneType' object has no attribute 'send'")
2025-08-17 23:40:41 - features.naver_cafe.adapters - ERROR - === 게시판 로딩용 페이지 생성 실패 ===
2025-08-17 23:40:41 - features.naver_cafe.adapters - ERROR - 에러 타입: <class 'AttributeError'>
2025-08-17 23:40:41 - features.naver_cafe.adapters - ERROR - 에러 메시지: BrowserContext.new_page: 'NoneType' object has no attribute 'send'
2025-08-17 23:40:41 - features.naver_cafe.adapters - ERROR - 에러 상세: AttributeError("BrowserContext.new_page: 'NoneType' object has no attribute 'send'")
2025-08-17 23:40:41 - features.naver_cafe.adapters - ERROR - === 게시판 로딩용 페이지 생성 실패 ===
2025-08-17 23:40:41 - features.naver_cafe.adapters - ERROR - 에러 타입: <class 'AttributeError'>
2025-08-17 23:40:41 - features.naver_cafe.adapters - ERROR - 에러 메시지: BrowserContext.new_page: 'NoneType' object has no attribute 'send'
2025-08-17 23:40:41 - features.naver_cafe.adapters - ERROR - 에러 상세: AttributeError("BrowserContext.new_page: 'NoneType' object has no attribute 'send'")
2025-08-17 23:40:41 - features.naver_cafe.adapters - ERROR - === 게시판 로딩용 페이지 생성 실패 ===
2025-08-17 23:40:41 - features.naver_cafe.adapters - ERROR - 에러 타입: <class 'AttributeError'>
2025-08-17 23:40:41 - features.naver_cafe.adapters - ERROR - 에러 메시지: BrowserContext.new_page: 'NoneType' object has no attribute 'send'
2025-08-17 23:40:41 - features.naver_cafe.adapters - ERROR - 에러 상세: AttributeError("BrowserContext.new_page: 'NoneType' object has no attribute 'send'")
2025-08-17 23:41:38 - features.naver_cafe.adapters - ERROR - === 게시판 로딩용 페이지 생성 실패 ===
2025-08-17 23:41:38 - features.naver_cafe.adapters - ERROR - 에러 타입: <class 'AttributeError'>
2025-08-17 23:41:38 - features.naver_cafe.adapters - ERROR - 에러 메시지: BrowserContext.new_page: 'NoneType' object has no attribute 'send'
2025-08-17 23:41:38 - features.naver_cafe.adapters - ERROR - 에러 상세: AttributeError("BrowserContext.new_page: 'NoneType' object has no attribute 'send'")
2025-08-17 23:41:38 - features.naver_cafe.adapters - ERROR - === 게시판 로딩용 페이지 생성 실패 ===
2025-08-17 23:41:38 - features.naver_cafe.adapters - ERROR - 에러 타입: <class 'AttributeError'>
2025-08-17 23:41:38 - features.naver_cafe.adapters - ERROR - 에러 메시지: BrowserContext.new_page: 'NoneType' object has no attribute 'send'
2025-08-17 23:41:38 - features.naver_cafe.adapters - ERROR - 에러 상세: AttributeError("BrowserContext.new_page: 'NoneType' object has no attribute 'send'")
2025-08-17 23:41:38 - features.naver_cafe.adapters - ERROR - === 게시판 로딩용 페이지 생성 실패 ===
2025-08-17 23:41:38 - features.naver_cafe.adapters - ERROR - 에러 타입: <class 'AttributeError'>
2025-08-17 23:41:38 - features.naver_cafe.adapters - ERROR - 에러 메시지: BrowserContext.new_page: 'NoneType' object has no attribute 'send'
2025-08-17 23:41:38 - features.naver_cafe.adapters - ERROR - 에러 상세: AttributeError("BrowserContext.new_page: 'NoneType' object has no attribute 'send'")
2025-08-17 23:46:47 - asyncio - ERROR - Task was destroyed but it is pending!
task: <Task pending name='Task-2' coro=<Connection.run() running at C:\Users\wogud\AppData\Local\Programs\Python\Python313\Lib\site-packages\playwright\_impl\_connection.py:312> wait_for=<Future pending cb=[Task.task_wakeup()]>>
2025-08-17 23:46:54 - features.naver_cafe.adapters - ERROR - === 게시판 로딩용 페이지 생성 실패 ===
2025-08-17 23:46:54 - features.naver_cafe.adapters - ERROR - 에러 타입: <class 'AttributeError'>
2025-08-17 23:46:54 - features.naver_cafe.adapters - ERROR - 에러 메시지: BrowserContext.new_page: 'NoneType' object has no attribute 'send'
2025-08-17 23:46:54 - features.naver_cafe.adapters - ERROR - 에러 상세: AttributeError("BrowserContext.new_page: 'NoneType' object has no attribute 'send'")
2025-08-17 23:46:54 - features.naver_cafe.adapters - ERROR - === 게시판 로딩용 페이지 생성 실패 ===
2025-08-17 23:46:54 - features.naver_cafe.adapters - ERROR - 에러 타입: <class 'AttributeError'>
2025-08-17 23:46:54 - features.naver_cafe.adapters - ERROR - 에러 메시지: BrowserContext.new_page: 'NoneType' object has no attribute 'send'
2025-08-17 23:46:54 - features.naver_cafe.adapters - ERROR - 에러 상세: AttributeError("BrowserContext.new_page: 'NoneType' object has no attribute 'send'")
2025-08-17 23:46:54 - features.naver_cafe.adapters - ERROR - === 게시판 로딩용 페이지 생성 실패 ===
2025-08-17 23:46:54 - features.naver_cafe.adapters - ERROR - 에러 타입: <class 'AttributeError'>
2025-08-17 23:46:54 - features.naver_cafe.adapters - ERROR - 에러 메시지: BrowserContext.new_page: 'NoneType' object has no attribute 'send'
2025-08-17 23:46:54 - features.naver_cafe.adapters - ERROR - 에러 상세: AttributeError("BrowserContext.new_page: 'NoneType' object has no attribute 'send'")
2025-08-17 23:46:58 - asyncio - ERROR - Task was destroyed but it is pending!
task: <Task pending name='Task-2' coro=<Connection.run() running at C:\Users\wogud\AppData\Local\Programs\Python\Python313\Lib\site-packages\playwright\_impl\_connection.py:312> wait_for=<Future pending cb=[Task.task_wakeup()]>>
2025-08-17 23:52:59 - features.naver_cafe.adapters - ERROR - === 게시판 로딩용 페이지 생성 실패 ===
2025-08-17 23:52:59 - features.naver_cafe.adapters - ERROR - 에러 타입: <class 'AttributeError'>
2025-08-17 23:52:59 - features.naver_cafe.adapters - ERROR - 에러 메시지: BrowserContext.new_page: 'NoneType' object has no attribute 'send'
2025-08-17 23:52:59 - features.naver_cafe.adapters - ERROR - 에러 상세: AttributeError("BrowserContext.new_page: 'NoneType' object has no attribute 'send'")
2025-08-17 23:52:59 - features.naver_cafe.adapters - ERROR - === 게시판 로딩용 페이지 생성 실패 ===
2025-08-17 23:52:59 - features.naver_cafe.adapters - ERROR - 에러 타입: <class 'AttributeError'>
2025-08-17 23:52:59 - features.naver_cafe.adapters - ERROR - 에러 메시지: BrowserContext.new_page: 'NoneType' object has no attribute 'send'
2025-08-17 23:52:59 - features.naver_cafe.adapters - ERROR - 에러 상세: AttributeError("BrowserContext.new_page: 'NoneType' object has no attribute 'send'")
2025-08-17 23:52:59 - features.naver_cafe.adapters - ERROR - === 게시판 로딩용 페이지 생성 실패 ===
2025-08-17 23:52:59 - features.naver_cafe.adapters - ERROR - 에러 타입: <class 'AttributeError'>
2025-08-17 23:52:59 - features.naver_cafe.adapters - ERROR - 에러 메시지: BrowserContext.new_page: 'NoneType' object has no attribute 'send'
2025-08-17 23:52:59 - features.naver_cafe.adapters - ERROR - 에러 상세: AttributeError("BrowserContext.new_page: 'NoneType' object has no attribute 'send'")
2025-08-18 00:12:09 - asyncio - ERROR - Task was destroyed but it is pending!
task: <Task pending name='Task-2' coro=<Connection.run() running at C:\Users\wogud\AppData\Local\Programs\Python\Python313\Lib\site-packages\playwright\_impl\_connection.py:312> wait_for=<Future pending cb=[Task.task_wakeup()]>>
